
[18-Apr-2025 20:57:12 America/Argentina/Buenos_Aires] [Error 2] include_once(C:/DATOS/04.DESARROLLOS/superadmin-factumconsultora/private/private/config/datos_base.php): failed to open stream: No such file or directory in C:\DATOS\04.DESARROLLOS\superadmin-factumconsultora\public\api\corregirRegistros\get_records.php on line 20
[18-Apr-2025 20:57:12 America/Argentina/Buenos_Aires] [Error 2] include_once(): Failed opening 'C:/DATOS/04.DESARROLLOS/superadmin-factumconsultora/private/private/config/datos_base.php' for inclusion (include_path='C:\xampp\php\PEAR') in C:\DATOS\04.DESARROLLOS\superadmin-factumconsultora\public\api\corregirRegistros\get_records.php on line 20
[18-Apr-2025 20:57:12 America/Argentina/Buenos_Aires] [Error 2] include_once(C:/DATOS/04.DESARROLLOS/superadmin-factumconsultora/private/private/config/datos_base.php): failed to open stream: No such file or directory in C:\DATOS\04.DESARROLLOS\superadmin-factumconsultora\public\api\corregirRegistros\get_records_api.php on line 8
[18-Apr-2025 20:57:12 America/Argentina/Buenos_Aires] [Error 2] include_once(): Failed opening 'C:/DATOS/04.DESARROLLOS/superadmin-factumconsultora/private/private/config/datos_base.php' for inclusion (include_path='C:\xampp\php\PEAR') in C:\DATOS\04.DESARROLLOS\superadmin-factumconsultora\public\api\corregirRegistros\get_records_api.php on line 8
[18-Apr-2025 20:57:12 America/Argentina/Buenos_Aires] [Error 8] Undefined variable: host in C:\DATOS\04.DESARROLLOS\superadmin-factumconsultora\public\api\corregirRegistros\get_records_api.php on line 10
[18-Apr-2025 20:57:12 America/Argentina/Buenos_Aires] [Error 8] Undefined variable: user in C:\DATOS\04.DESARROLLOS\superadmin-factumconsultora\public\api\corregirRegistros\get_records_api.php on line 10
[18-Apr-2025 20:57:12 America/Argentina/Buenos_Aires] [Error 8] Undefined variable: password in C:\DATOS\04.DESARROLLOS\superadmin-factumconsultora\public\api\corregirRegistros\get_records_api.php on line 10
[18-Apr-2025 20:57:12 America/Argentina/Buenos_Aires] [Error 8] Undefined variable: dbname in C:\DATOS\04.DESARROLLOS\superadmin-factumconsultora\public\api\corregirRegistros\get_records_api.php on line 10
[18-Apr-2025 20:57:12 America/Argentina/Buenos_Aires] [Error 8] Undefined variable: port in C:\DATOS\04.DESARROLLOS\superadmin-factumconsultora\public\api\corregirRegistros\get_records_api.php on line 10
[18-Apr-2025 20:57:12 America/Argentina/Buenos_Aires] [Error 2] mysqli::__construct(): (HY000/1524): Plugin 'mysql_native_password' is not loaded in C:\DATOS\04.DESARROLLOS\superadmin-factumconsultora\public\api\corregirRegistros\get_records_api.php on line 10
[18-Apr-2025 20:57:14 America/Argentina/Buenos_Aires] [Error 2] include_once(C:/DATOS/04.DESARROLLOS/superadmin-factumconsultora/private/private/config/datos_base.php): failed to open stream: No such file or directory in C:\DATOS\04.DESARROLLOS\superadmin-factumconsultora\public\api\corregirRegistros\get_records_api.php on line 8
[18-Apr-2025 20:57:14 America/Argentina/Buenos_Aires] [Error 2] include_once(): Failed opening 'C:/DATOS/04.DESARROLLOS/superadmin-factumconsultora/private/private/config/datos_base.php' for inclusion (include_path='C:\xampp\php\PEAR') in C:\DATOS\04.DESARROLLOS\superadmin-factumconsultora\public\api\corregirRegistros\get_records_api.php on line 8
[18-Apr-2025 20:57:14 America/Argentina/Buenos_Aires] [Error 8] Undefined variable: host in C:\DATOS\04.DESARROLLOS\superadmin-factumconsultora\public\api\corregirRegistros\get_records_api.php on line 10
[18-Apr-2025 20:57:14 America/Argentina/Buenos_Aires] [Error 8] Undefined variable: user in C:\DATOS\04.DESARROLLOS\superadmin-factumconsultora\public\api\corregirRegistros\get_records_api.php on line 10
[18-Apr-2025 20:57:14 America/Argentina/Buenos_Aires] [Error 8] Undefined variable: password in C:\DATOS\04.DESARROLLOS\superadmin-factumconsultora\public\api\corregirRegistros\get_records_api.php on line 10
[18-Apr-2025 20:57:14 America/Argentina/Buenos_Aires] [Error 8] Undefined variable: dbname in C:\DATOS\04.DESARROLLOS\superadmin-factumconsultora\public\api\corregirRegistros\get_records_api.php on line 10
[18-Apr-2025 20:57:14 America/Argentina/Buenos_Aires] [Error 8] Undefined variable: port in C:\DATOS\04.DESARROLLOS\superadmin-factumconsultora\public\api\corregirRegistros\get_records_api.php on line 10
[18-Apr-2025 20:57:14 America/Argentina/Buenos_Aires] [Error 2] mysqli::__construct(): (HY000/1524): Plugin 'mysql_native_password' is not loaded in C:\DATOS\04.DESARROLLOS\superadmin-factumconsultora\public\api\corregirRegistros\get_records_api.php on line 10
[18-Apr-2025 21:03:03 America/Argentina/Buenos_Aires] [Error 8] Undefined variable: dbname in C:\DATOS\04.DESARROLLOS\superadmin-factumconsultora\private\config\datos_base.php on line 12
[18-Apr-2025 21:03:03 America/Argentina/Buenos_Aires] [Error 2] include_once(C:/DATOS/04.DESARROLLOS/superadmin-factumconsultora/private/private/config/datos_base.php): failed to open stream: No such file or directory in C:\DATOS\04.DESARROLLOS\superadmin-factumconsultora\public\api\corregirRegistros\get_records_api.php on line 8
[18-Apr-2025 21:03:03 America/Argentina/Buenos_Aires] [Error 2] include_once(): Failed opening 'C:/DATOS/04.DESARROLLOS/superadmin-factumconsultora/private/private/config/datos_base.php' for inclusion (include_path='C:\xampp\php\PEAR') in C:\DATOS\04.DESARROLLOS\superadmin-factumconsultora\public\api\corregirRegistros\get_records_api.php on line 8
[18-Apr-2025 21:03:03 America/Argentina/Buenos_Aires] [Error 8] Undefined variable: host in C:\DATOS\04.DESARROLLOS\superadmin-factumconsultora\public\api\corregirRegistros\get_records_api.php on line 10
[18-Apr-2025 21:03:03 America/Argentina/Buenos_Aires] [Error 8] Undefined variable: user in C:\DATOS\04.DESARROLLOS\superadmin-factumconsultora\public\api\corregirRegistros\get_records_api.php on line 10
[18-Apr-2025 21:03:03 America/Argentina/Buenos_Aires] [Error 8] Undefined variable: password in C:\DATOS\04.DESARROLLOS\superadmin-factumconsultora\public\api\corregirRegistros\get_records_api.php on line 10
[18-Apr-2025 21:03:03 America/Argentina/Buenos_Aires] [Error 8] Undefined variable: dbname in C:\DATOS\04.DESARROLLOS\superadmin-factumconsultora\public\api\corregirRegistros\get_records_api.php on line 10
[18-Apr-2025 21:03:03 America/Argentina/Buenos_Aires] [Error 8] Undefined variable: port in C:\DATOS\04.DESARROLLOS\superadmin-factumconsultora\public\api\corregirRegistros\get_records_api.php on line 10
[18-Apr-2025 21:03:03 America/Argentina/Buenos_Aires] [Error 2] mysqli::__construct(): (HY000/1524): Plugin 'mysql_native_password' is not loaded in C:\DATOS\04.DESARROLLOS\superadmin-factumconsultora\public\api\corregirRegistros\get_records_api.php on line 10
[18-Apr-2025 21:03:05 America/Argentina/Buenos_Aires] [Error 8] Undefined variable: dbname in C:\DATOS\04.DESARROLLOS\superadmin-factumconsultora\private\config\datos_base.php on line 12
[18-Apr-2025 21:03:06 America/Argentina/Buenos_Aires] [Error 2] include_once(C:/DATOS/04.DESARROLLOS/superadmin-factumconsultora/private/private/config/datos_base.php): failed to open stream: No such file or directory in C:\DATOS\04.DESARROLLOS\superadmin-factumconsultora\public\api\corregirRegistros\get_records_api.php on line 8
[18-Apr-2025 21:03:06 America/Argentina/Buenos_Aires] [Error 2] include_once(): Failed opening 'C:/DATOS/04.DESARROLLOS/superadmin-factumconsultora/private/private/config/datos_base.php' for inclusion (include_path='C:\xampp\php\PEAR') in C:\DATOS\04.DESARROLLOS\superadmin-factumconsultora\public\api\corregirRegistros\get_records_api.php on line 8
[18-Apr-2025 21:03:06 America/Argentina/Buenos_Aires] [Error 8] Undefined variable: host in C:\DATOS\04.DESARROLLOS\superadmin-factumconsultora\public\api\corregirRegistros\get_records_api.php on line 10
[18-Apr-2025 21:03:06 America/Argentina/Buenos_Aires] [Error 8] Undefined variable: user in C:\DATOS\04.DESARROLLOS\superadmin-factumconsultora\public\api\corregirRegistros\get_records_api.php on line 10
[18-Apr-2025 21:03:06 America/Argentina/Buenos_Aires] [Error 8] Undefined variable: password in C:\DATOS\04.DESARROLLOS\superadmin-factumconsultora\public\api\corregirRegistros\get_records_api.php on line 10
[18-Apr-2025 21:03:06 America/Argentina/Buenos_Aires] [Error 8] Undefined variable: dbname in C:\DATOS\04.DESARROLLOS\superadmin-factumconsultora\public\api\corregirRegistros\get_records_api.php on line 10
[18-Apr-2025 21:03:06 America/Argentina/Buenos_Aires] [Error 8] Undefined variable: port in C:\DATOS\04.DESARROLLOS\superadmin-factumconsultora\public\api\corregirRegistros\get_records_api.php on line 10
[18-Apr-2025 21:03:06 America/Argentina/Buenos_Aires] [Error 2] mysqli::__construct(): (HY000/1524): Plugin 'mysql_native_password' is not loaded in C:\DATOS\04.DESARROLLOS\superadmin-factumconsultora\public\api\corregirRegistros\get_records_api.php on line 10
[18-Apr-2025 21:03:12 America/Argentina/Buenos_Aires] [Error 2] include_once(C:/DATOS/04.DESARROLLOS/superadmin-factumconsultora/private/private/config/datos_base.php): failed to open stream: No such file or directory in C:\DATOS\04.DESARROLLOS\superadmin-factumconsultora\public\api\corregirRegistros\get_records_api.php on line 8
[18-Apr-2025 21:03:12 America/Argentina/Buenos_Aires] [Error 2] include_once(): Failed opening 'C:/DATOS/04.DESARROLLOS/superadmin-factumconsultora/private/private/config/datos_base.php' for inclusion (include_path='C:\xampp\php\PEAR') in C:\DATOS\04.DESARROLLOS\superadmin-factumconsultora\public\api\corregirRegistros\get_records_api.php on line 8
[18-Apr-2025 21:03:12 America/Argentina/Buenos_Aires] [Error 8] Undefined variable: host in C:\DATOS\04.DESARROLLOS\superadmin-factumconsultora\public\api\corregirRegistros\get_records_api.php on line 10
[18-Apr-2025 21:03:12 America/Argentina/Buenos_Aires] [Error 8] Undefined variable: user in C:\DATOS\04.DESARROLLOS\superadmin-factumconsultora\public\api\corregirRegistros\get_records_api.php on line 10
[18-Apr-2025 21:03:12 America/Argentina/Buenos_Aires] [Error 8] Undefined variable: password in C:\DATOS\04.DESARROLLOS\superadmin-factumconsultora\public\api\corregirRegistros\get_records_api.php on line 10
[18-Apr-2025 21:03:12 America/Argentina/Buenos_Aires] [Error 8] Undefined variable: dbname in C:\DATOS\04.DESARROLLOS\superadmin-factumconsultora\public\api\corregirRegistros\get_records_api.php on line 10
[18-Apr-2025 21:03:12 America/Argentina/Buenos_Aires] [Error 8] Undefined variable: port in C:\DATOS\04.DESARROLLOS\superadmin-factumconsultora\public\api\corregirRegistros\get_records_api.php on line 10
[18-Apr-2025 21:03:12 America/Argentina/Buenos_Aires] [Error 2] mysqli::__construct(): (HY000/1524): Plugin 'mysql_native_password' is not loaded in C:\DATOS\04.DESARROLLOS\superadmin-factumconsultora\public\api\corregirRegistros\get_records_api.php on line 10
[18-Apr-2025 21:06:21 America/Argentina/Buenos_Aires] [Error 8] Undefined variable: dbname in C:\DATOS\04.DESARROLLOS\superadmin-factumconsultora\private\config\datos_base.php on line 12
[18-Apr-2025 21:06:21 America/Argentina/Buenos_Aires] [Error 8] Undefined variable: dbname in C:\DATOS\04.DESARROLLOS\superadmin-factumconsultora\private\config\datos_base.php on line 12
[18-Apr-2025 21:06:21 America/Argentina/Buenos_Aires] [Error 8] Undefined variable: dbname in C:\DATOS\04.DESARROLLOS\superadmin-factumconsultora\public\api\corregirRegistros\get_records_api.php on line 10
[18-Apr-2025 21:18:48 America/Argentina/Buenos_Aires] [Error 8] Undefined variable: dbname in C:\DATOS\04.DESARROLLOS\superadmin-factumconsultora\private\config\datos_base.php on line 12
[18-Apr-2025 21:18:48 America/Argentina/Buenos_Aires] [Error 8] Undefined variable: dbname in C:\DATOS\04.DESARROLLOS\superadmin-factumconsultora\private\config\datos_base.php on line 12
[18-Apr-2025 21:18:50 America/Argentina/Buenos_Aires] [Error 8] Undefined variable: dbname in C:\DATOS\04.DESARROLLOS\superadmin-factumconsultora\private\config\datos_base.php on line 12
[18-Apr-2025 21:18:50 America/Argentina/Buenos_Aires] [Error 8] Undefined variable: dbname in C:\DATOS\04.DESARROLLOS\superadmin-factumconsultora\private\config\datos_base.php on line 12
[18-Apr-2025 21:18:52 America/Argentina/Buenos_Aires] [Error 8] Undefined variable: dbname in C:\DATOS\04.DESARROLLOS\superadmin-factumconsultora\private\config\datos_base.php on line 12
[18-Apr-2025 21:19:07 America/Argentina/Buenos_Aires] [Error 8] Undefined variable: dbname in C:\DATOS\04.DESARROLLOS\superadmin-factumconsultora\private\config\datos_base.php on line 12
[18-Apr-2025 21:19:07 America/Argentina/Buenos_Aires] [Error 8] Undefined variable: dbname in C:\DATOS\04.DESARROLLOS\superadmin-factumconsultora\private\config\datos_base.php on line 12
[18-Apr-2025 21:21:10 America/Argentina/Buenos_Aires] [Error 2] include_once(C:/DATOS/04.DESARROLLOS/superadmin-factumconsultora/private/private/config/datos_base.php): failed to open stream: No such file or directory in C:\DATOS\04.DESARROLLOS\superadmin-factumconsultora\public\api\verLogs\visor_logs.php on line 18
[18-Apr-2025 21:21:10 America/Argentina/Buenos_Aires] [Error 2] include_once(): Failed opening 'C:/DATOS/04.DESARROLLOS/superadmin-factumconsultora/private/private/config/datos_base.php' for inclusion (include_path='C:\xampp\php\PEAR') in C:\DATOS\04.DESARROLLOS\superadmin-factumconsultora\public\api\verLogs\visor_logs.php on line 18
[18-Apr-2025 21:21:48 America/Argentina/Buenos_Aires] [Error 8] Undefined variable: dbname in C:\DATOS\04.DESARROLLOS\superadmin-factumconsultora\private\config\datos_base.php on line 12
[18-Apr-2025 21:21:48 America/Argentina/Buenos_Aires] [Error 8] Undefined variable: dbname in C:\DATOS\04.DESARROLLOS\superadmin-factumconsultora\public\api\showProcess\processlist.php on line 22
[18-Apr-2025 21:22:03 America/Argentina/Buenos_Aires] [Error 8] Undefined variable: dbname in C:\DATOS\04.DESARROLLOS\superadmin-factumconsultora\private\config\datos_base.php on line 12
[18-Apr-2025 21:22:03 America/Argentina/Buenos_Aires] [Error 8] Undefined variable: dbname in C:\DATOS\04.DESARROLLOS\superadmin-factumconsultora\public\api\showProcess\kill.php on line 5
[18-Apr-2025 21:22:03 America/Argentina/Buenos_Aires] [Error 8] Undefined variable: dbname in C:\DATOS\04.DESARROLLOS\superadmin-factumconsultora\private\config\datos_base.php on line 12
[18-Apr-2025 21:22:03 America/Argentina/Buenos_Aires] [Error 8] Undefined variable: dbname in C:\DATOS\04.DESARROLLOS\superadmin-factumconsultora\public\api\showProcess\processlist.php on line 22
[18-Apr-2025 21:22:18 America/Argentina/Buenos_Aires] [Error 2] include_once(C:/DATOS/04.DESARROLLOS/superadmin-factumconsultora/private/private/config/datos_base.php): failed to open stream: No such file or directory in C:\DATOS\04.DESARROLLOS\superadmin-factumconsultora\public\api\ordenar\ordenar.php on line 19
[18-Apr-2025 21:22:18 America/Argentina/Buenos_Aires] [Error 2] include_once(): Failed opening 'C:/DATOS/04.DESARROLLOS/superadmin-factumconsultora/private/private/config/datos_base.php' for inclusion (include_path='C:\xampp\php\PEAR') in C:\DATOS\04.DESARROLLOS\superadmin-factumconsultora\public\api\ordenar\ordenar.php on line 19
[18-Apr-2025 21:22:18 America/Argentina/Buenos_Aires] [Error 2] include_once(C:/DATOS/04.DESARROLLOS/superadmin-factumconsultora/private/private/config/datos_base.php): failed to open stream: No such file or directory in C:\DATOS\04.DESARROLLOS\superadmin-factumconsultora\public\api\ordenar\reportes.php on line 8
[18-Apr-2025 21:22:18 America/Argentina/Buenos_Aires] [Error 2] include_once(): Failed opening 'C:/DATOS/04.DESARROLLOS/superadmin-factumconsultora/private/private/config/datos_base.php' for inclusion (include_path='C:\xampp\php\PEAR') in C:\DATOS\04.DESARROLLOS\superadmin-factumconsultora\public\api\ordenar\reportes.php on line 8
[18-Apr-2025 21:22:18 America/Argentina/Buenos_Aires] [Error 8] Undefined variable: host in C:\DATOS\04.DESARROLLOS\superadmin-factumconsultora\public\api\ordenar\reportes.php on line 9
[18-Apr-2025 21:22:18 America/Argentina/Buenos_Aires] [Error 8] Undefined variable: user in C:\DATOS\04.DESARROLLOS\superadmin-factumconsultora\public\api\ordenar\reportes.php on line 9
[18-Apr-2025 21:22:18 America/Argentina/Buenos_Aires] [Error 8] Undefined variable: password in C:\DATOS\04.DESARROLLOS\superadmin-factumconsultora\public\api\ordenar\reportes.php on line 9
[18-Apr-2025 21:22:18 America/Argentina/Buenos_Aires] [Error 8] Undefined variable: dbname in C:\DATOS\04.DESARROLLOS\superadmin-factumconsultora\public\api\ordenar\reportes.php on line 9
[18-Apr-2025 21:22:18 America/Argentina/Buenos_Aires] [Error 8] Undefined variable: port in C:\DATOS\04.DESARROLLOS\superadmin-factumconsultora\public\api\ordenar\reportes.php on line 9
[18-Apr-2025 21:22:18 America/Argentina/Buenos_Aires] [Error 2] mysqli::__construct(): (HY000/1524): Plugin 'mysql_native_password' is not loaded in C:\DATOS\04.DESARROLLOS\superadmin-factumconsultora\public\api\ordenar\reportes.php on line 9
[18-Apr-2025 21:25:12 America/Argentina/Buenos_Aires] [Error 2] include_once(C:/DATOS/04.DESARROLLOS/superadmin-factumconsultora/private/private/config/datos_base.php): failed to open stream: No such file or directory in C:\DATOS\04.DESARROLLOS\superadmin-factumconsultora\public\api\ordenar\ordenar.php on line 20
[18-Apr-2025 21:25:12 America/Argentina/Buenos_Aires] [Error 2] include_once(): Failed opening 'C:/DATOS/04.DESARROLLOS/superadmin-factumconsultora/private/private/config/datos_base.php' for inclusion (include_path='C:\xampp\php\PEAR') in C:\DATOS\04.DESARROLLOS\superadmin-factumconsultora\public\api\ordenar\ordenar.php on line 20
[18-Apr-2025 21:25:12 America/Argentina/Buenos_Aires] [Error 2] include_once(C:/DATOS/04.DESARROLLOS/superadmin-factumconsultora/private/private/config/datos_base.php): failed to open stream: No such file or directory in C:\DATOS\04.DESARROLLOS\superadmin-factumconsultora\public\api\ordenar\reportes.php on line 8
[18-Apr-2025 21:25:12 America/Argentina/Buenos_Aires] [Error 2] include_once(): Failed opening 'C:/DATOS/04.DESARROLLOS/superadmin-factumconsultora/private/private/config/datos_base.php' for inclusion (include_path='C:\xampp\php\PEAR') in C:\DATOS\04.DESARROLLOS\superadmin-factumconsultora\public\api\ordenar\reportes.php on line 8
[18-Apr-2025 21:25:12 America/Argentina/Buenos_Aires] [Error 8] Undefined variable: host in C:\DATOS\04.DESARROLLOS\superadmin-factumconsultora\public\api\ordenar\reportes.php on line 9
[18-Apr-2025 21:25:12 America/Argentina/Buenos_Aires] [Error 8] Undefined variable: user in C:\DATOS\04.DESARROLLOS\superadmin-factumconsultora\public\api\ordenar\reportes.php on line 9
[18-Apr-2025 21:25:12 America/Argentina/Buenos_Aires] [Error 8] Undefined variable: password in C:\DATOS\04.DESARROLLOS\superadmin-factumconsultora\public\api\ordenar\reportes.php on line 9
[18-Apr-2025 21:25:12 America/Argentina/Buenos_Aires] [Error 8] Undefined variable: dbname in C:\DATOS\04.DESARROLLOS\superadmin-factumconsultora\public\api\ordenar\reportes.php on line 9
[18-Apr-2025 21:25:12 America/Argentina/Buenos_Aires] [Error 8] Undefined variable: port in C:\DATOS\04.DESARROLLOS\superadmin-factumconsultora\public\api\ordenar\reportes.php on line 9
[18-Apr-2025 21:25:12 America/Argentina/Buenos_Aires] [Error 2] mysqli::__construct(): (HY000/1524): Plugin 'mysql_native_password' is not loaded in C:\DATOS\04.DESARROLLOS\superadmin-factumconsultora\public\api\ordenar\reportes.php on line 9
[19-Apr-2025 08:49:22 America/Argentina/Buenos_Aires] [Error 2] include_once(C:/DATOS/04.DESARROLLOS/superadmin-factumconsultora/private/private/config/datos_base.php): failed to open stream: No such file or directory in C:\DATOS\04.DESARROLLOS\superadmin-factumconsultora\public\api\ordenar\ordenar.php on line 20
[19-Apr-2025 08:49:22 America/Argentina/Buenos_Aires] [Error 2] include_once(): Failed opening 'C:/DATOS/04.DESARROLLOS/superadmin-factumconsultora/private/private/config/datos_base.php' for inclusion (include_path='C:\xampp\php\PEAR') in C:\DATOS\04.DESARROLLOS\superadmin-factumconsultora\public\api\ordenar\ordenar.php on line 20
[19-Apr-2025 08:49:22 America/Argentina/Buenos_Aires] [Error 2] include_once(C:/DATOS/04.DESARROLLOS/superadmin-factumconsultora/private/private/config/datos_base.php): failed to open stream: No such file or directory in C:\DATOS\04.DESARROLLOS\superadmin-factumconsultora\public\api\ordenar\reportes.php on line 8
[19-Apr-2025 08:49:22 America/Argentina/Buenos_Aires] [Error 2] include_once(): Failed opening 'C:/DATOS/04.DESARROLLOS/superadmin-factumconsultora/private/private/config/datos_base.php' for inclusion (include_path='C:\xampp\php\PEAR') in C:\DATOS\04.DESARROLLOS\superadmin-factumconsultora\public\api\ordenar\reportes.php on line 8
[19-Apr-2025 08:49:22 America/Argentina/Buenos_Aires] [Error 8] Undefined variable: host in C:\DATOS\04.DESARROLLOS\superadmin-factumconsultora\public\api\ordenar\reportes.php on line 9
[19-Apr-2025 08:49:22 America/Argentina/Buenos_Aires] [Error 8] Undefined variable: user in C:\DATOS\04.DESARROLLOS\superadmin-factumconsultora\public\api\ordenar\reportes.php on line 9
[19-Apr-2025 08:49:22 America/Argentina/Buenos_Aires] [Error 8] Undefined variable: password in C:\DATOS\04.DESARROLLOS\superadmin-factumconsultora\public\api\ordenar\reportes.php on line 9
[19-Apr-2025 08:49:22 America/Argentina/Buenos_Aires] [Error 8] Undefined variable: dbname in C:\DATOS\04.DESARROLLOS\superadmin-factumconsultora\public\api\ordenar\reportes.php on line 9
[19-Apr-2025 08:49:22 America/Argentina/Buenos_Aires] [Error 8] Undefined variable: port in C:\DATOS\04.DESARROLLOS\superadmin-factumconsultora\public\api\ordenar\reportes.php on line 9
[19-Apr-2025 08:49:22 America/Argentina/Buenos_Aires] [Error 2] mysqli::__construct(): (HY000/1524): Plugin 'mysql_native_password' is not loaded in C:\DATOS\04.DESARROLLOS\superadmin-factumconsultora\public\api\ordenar\reportes.php on line 9
[19-Apr-2025 08:51:13 America/Argentina/Buenos_Aires] [Error 8] Undefined variable: dbname in C:\DATOS\04.DESARROLLOS\superadmin-factumconsultora\private\config\datos_base.php on line 12
[19-Apr-2025 08:51:13 America/Argentina/Buenos_Aires] [Error 2] include_once(C:/DATOS/04.DESARROLLOS/superadmin-factumconsultora/private/private/config/datos_base.php): failed to open stream: No such file or directory in C:\DATOS\04.DESARROLLOS\superadmin-factumconsultora\public\api\ordenar\reportes.php on line 8
[19-Apr-2025 08:51:13 America/Argentina/Buenos_Aires] [Error 2] include_once(): Failed opening 'C:/DATOS/04.DESARROLLOS/superadmin-factumconsultora/private/private/config/datos_base.php' for inclusion (include_path='C:\xampp\php\PEAR') in C:\DATOS\04.DESARROLLOS\superadmin-factumconsultora\public\api\ordenar\reportes.php on line 8
[19-Apr-2025 08:51:13 America/Argentina/Buenos_Aires] [Error 8] Undefined variable: host in C:\DATOS\04.DESARROLLOS\superadmin-factumconsultora\public\api\ordenar\reportes.php on line 9
[19-Apr-2025 08:51:13 America/Argentina/Buenos_Aires] [Error 8] Undefined variable: user in C:\DATOS\04.DESARROLLOS\superadmin-factumconsultora\public\api\ordenar\reportes.php on line 9
[19-Apr-2025 08:51:13 America/Argentina/Buenos_Aires] [Error 8] Undefined variable: password in C:\DATOS\04.DESARROLLOS\superadmin-factumconsultora\public\api\ordenar\reportes.php on line 9
[19-Apr-2025 08:51:13 America/Argentina/Buenos_Aires] [Error 8] Undefined variable: dbname in C:\DATOS\04.DESARROLLOS\superadmin-factumconsultora\public\api\ordenar\reportes.php on line 9
[19-Apr-2025 08:51:13 America/Argentina/Buenos_Aires] [Error 8] Undefined variable: port in C:\DATOS\04.DESARROLLOS\superadmin-factumconsultora\public\api\ordenar\reportes.php on line 9
[19-Apr-2025 08:51:13 America/Argentina/Buenos_Aires] [Error 2] mysqli::__construct(): (HY000/1524): Plugin 'mysql_native_password' is not loaded in C:\DATOS\04.DESARROLLOS\superadmin-factumconsultora\public\api\ordenar\reportes.php on line 9
[19-Apr-2025 08:52:05 America/Argentina/Buenos_Aires] [Error 8] Undefined variable: dbname in C:\DATOS\04.DESARROLLOS\superadmin-factumconsultora\private\config\datos_base.php on line 12
[19-Apr-2025 08:52:05 America/Argentina/Buenos_Aires] [Error 8] Undefined variable: dbname in C:\DATOS\04.DESARROLLOS\superadmin-factumconsultora\private\config\datos_base.php on line 12
[19-Apr-2025 08:52:05 America/Argentina/Buenos_Aires] [Error 8] Undefined variable: dbname in C:\DATOS\04.DESARROLLOS\superadmin-factumconsultora\public\api\ordenar\reportes.php on line 9
[19-Apr-2025 08:52:05 America/Argentina/Buenos_Aires] [Exception] Call to a member function fetch_assoc() on bool in C:\DATOS\04.DESARROLLOS\superadmin-factumconsultora\public\api\ordenar\reportes.php on line 25
[19-Apr-2025 08:54:55 America/Argentina/Buenos_Aires] [Error 8] Undefined variable: dbname in C:\DATOS\04.DESARROLLOS\superadmin-factumconsultora\private\config\datos_base.php on line 12
[19-Apr-2025 08:54:55 America/Argentina/Buenos_Aires] [Error 8] Undefined variable: dbname in C:\DATOS\04.DESARROLLOS\superadmin-factumconsultora\private\config\datos_base.php on line 12
[19-Apr-2025 08:55:03 America/Argentina/Buenos_Aires] [Error 8] Undefined variable: dbname in C:\DATOS\04.DESARROLLOS\superadmin-factumconsultora\private\config\datos_base.php on line 12
[19-Apr-2025 08:55:03 America/Argentina/Buenos_Aires] [Error 8] Undefined variable: dbname in C:\DATOS\04.DESARROLLOS\superadmin-factumconsultora\public\api\ordenar\data.php on line 13
[19-Apr-2025 08:55:03 America/Argentina/Buenos_Aires] [Exception] Call to a member function fetch_assoc() on bool in C:\DATOS\04.DESARROLLOS\superadmin-factumconsultora\public\api\ordenar\data.php on line 24
[19-Apr-2025 08:55:29 America/Argentina/Buenos_Aires] [Error 8] Undefined variable: dbname in C:\DATOS\04.DESARROLLOS\superadmin-factumconsultora\private\config\datos_base.php on line 12
[19-Apr-2025 08:55:29 America/Argentina/Buenos_Aires] [Error 8] Undefined variable: dbname in C:\DATOS\04.DESARROLLOS\superadmin-factumconsultora\private\config\datos_base.php on line 12
[19-Apr-2025 08:57:33 America/Argentina/Buenos_Aires] [Error 8] Undefined variable: dbname in C:\DATOS\04.DESARROLLOS\superadmin-factumconsultora\private\config\datos_base.php on line 12
[19-Apr-2025 08:57:33 America/Argentina/Buenos_Aires] [Error 8] Undefined variable: dbname in C:\DATOS\04.DESARROLLOS\superadmin-factumconsultora\private\config\datos_base.php on line 12
[19-Apr-2025 08:57:37 America/Argentina/Buenos_Aires] [Error 8] Undefined variable: dbname in C:\DATOS\04.DESARROLLOS\superadmin-factumconsultora\private\config\datos_base.php on line 12
[19-Apr-2025 08:57:37 America/Argentina/Buenos_Aires] [Error 8] Undefined variable: id in C:\DATOS\04.DESARROLLOS\superadmin-factumconsultora\public\api\ordenar\data.php on line 26
[19-Apr-2025 08:57:37 America/Argentina/Buenos_Aires] [Exception] Call to a member function fetch_assoc() on bool in C:\DATOS\04.DESARROLLOS\superadmin-factumconsultora\public\api\ordenar\data.php on line 30
[19-Apr-2025 08:59:08 America/Argentina/Buenos_Aires] [Error 8] Undefined variable: dbname in C:\DATOS\04.DESARROLLOS\superadmin-factumconsultora\private\config\datos_base.php on line 12
[19-Apr-2025 08:59:08 America/Argentina/Buenos_Aires] [Error 8] Undefined variable: dbname in C:\DATOS\04.DESARROLLOS\superadmin-factumconsultora\private\config\datos_base.php on line 12
[19-Apr-2025 08:59:11 America/Argentina/Buenos_Aires] [Error 8] Undefined variable: dbname in C:\DATOS\04.DESARROLLOS\superadmin-factumconsultora\private\config\datos_base.php on line 12
[19-Apr-2025 08:59:11 America/Argentina/Buenos_Aires] [Error 8] Undefined variable: dbname in C:\DATOS\04.DESARROLLOS\superadmin-factumconsultora\public\api\ordenar\data.php on line 13
[19-Apr-2025 08:59:11 America/Argentina/Buenos_Aires] [Exception] Call to a member function fetch_assoc() on bool in C:\DATOS\04.DESARROLLOS\superadmin-factumconsultora\public\api\ordenar\data.php on line 24
[19-Apr-2025 08:59:40 America/Argentina/Buenos_Aires] [Error 8] Undefined variable: dbname in C:\DATOS\04.DESARROLLOS\superadmin-factumconsultora\private\config\datos_base.php on line 12
[19-Apr-2025 08:59:41 America/Argentina/Buenos_Aires] [Error 8] Undefined variable: dbname in C:\DATOS\04.DESARROLLOS\superadmin-factumconsultora\private\config\datos_base.php on line 12
[19-Apr-2025 08:59:43 America/Argentina/Buenos_Aires] [Error 8] Undefined variable: dbname in C:\DATOS\04.DESARROLLOS\superadmin-factumconsultora\private\config\datos_base.php on line 12
[19-Apr-2025 08:59:48 America/Argentina/Buenos_Aires] [Error 8] Undefined variable: dbname in C:\DATOS\04.DESARROLLOS\superadmin-factumconsultora\private\config\datos_base.php on line 12
[19-Apr-2025 09:00:01 America/Argentina/Buenos_Aires] [Error 2] include_once(C:/DATOS/04.DESARROLLOS/superadmin-factumconsultora/private/private/config/datos_base.php): failed to open stream: No such file or directory in C:\DATOS\04.DESARROLLOS\superadmin-factumconsultora\public\api\ordenar\mover.php on line 8
[19-Apr-2025 09:00:01 America/Argentina/Buenos_Aires] [Error 2] include_once(): Failed opening 'C:/DATOS/04.DESARROLLOS/superadmin-factumconsultora/private/private/config/datos_base.php' for inclusion (include_path='C:\xampp\php\PEAR') in C:\DATOS\04.DESARROLLOS\superadmin-factumconsultora\public\api\ordenar\mover.php on line 8
[19-Apr-2025 09:00:01 America/Argentina/Buenos_Aires] [Error 8] Undefined variable: host in C:\DATOS\04.DESARROLLOS\superadmin-factumconsultora\public\api\ordenar\mover.php on line 26
[19-Apr-2025 09:00:01 America/Argentina/Buenos_Aires] [Error 8] Undefined variable: user in C:\DATOS\04.DESARROLLOS\superadmin-factumconsultora\public\api\ordenar\mover.php on line 26
[19-Apr-2025 09:00:01 America/Argentina/Buenos_Aires] [Error 8] Undefined variable: password in C:\DATOS\04.DESARROLLOS\superadmin-factumconsultora\public\api\ordenar\mover.php on line 26
[19-Apr-2025 09:00:01 America/Argentina/Buenos_Aires] [Error 8] Undefined variable: dbname in C:\DATOS\04.DESARROLLOS\superadmin-factumconsultora\public\api\ordenar\mover.php on line 26
[19-Apr-2025 09:00:01 America/Argentina/Buenos_Aires] [Error 8] Undefined variable: port in C:\DATOS\04.DESARROLLOS\superadmin-factumconsultora\public\api\ordenar\mover.php on line 26
[19-Apr-2025 09:00:01 America/Argentina/Buenos_Aires] [Error 2] mysqli::__construct(): (HY000/1524): Plugin 'mysql_native_password' is not loaded in C:\DATOS\04.DESARROLLOS\superadmin-factumconsultora\public\api\ordenar\mover.php on line 26
[19-Apr-2025 09:02:19 America/Argentina/Buenos_Aires] [Error 8] Undefined variable: dbname in C:\DATOS\04.DESARROLLOS\superadmin-factumconsultora\private\config\datos_base.php on line 12
[19-Apr-2025 09:02:19 America/Argentina/Buenos_Aires] [Error 8] Undefined variable: dbname in C:\DATOS\04.DESARROLLOS\superadmin-factumconsultora\private\config\datos_base.php on line 12
[19-Apr-2025 09:02:25 America/Argentina/Buenos_Aires] [Error 8] Undefined variable: dbname in C:\DATOS\04.DESARROLLOS\superadmin-factumconsultora\private\config\datos_base.php on line 12
[19-Apr-2025 09:02:31 America/Argentina/Buenos_Aires] [Error 2] include_once(C:/DATOS/04.DESARROLLOS/superadmin-factumconsultora/private/private/config/datos_base.php): failed to open stream: No such file or directory in C:\DATOS\04.DESARROLLOS\superadmin-factumconsultora\public\api\ordenar\mover.php on line 8
[19-Apr-2025 09:02:31 America/Argentina/Buenos_Aires] [Error 2] include_once(): Failed opening 'C:/DATOS/04.DESARROLLOS/superadmin-factumconsultora/private/private/config/datos_base.php' for inclusion (include_path='C:\xampp\php\PEAR') in C:\DATOS\04.DESARROLLOS\superadmin-factumconsultora\public\api\ordenar\mover.php on line 8
[19-Apr-2025 09:02:31 America/Argentina/Buenos_Aires] [Error 8] Undefined variable: host in C:\DATOS\04.DESARROLLOS\superadmin-factumconsultora\public\api\ordenar\mover.php on line 26
[19-Apr-2025 09:02:31 America/Argentina/Buenos_Aires] [Error 8] Undefined variable: user in C:\DATOS\04.DESARROLLOS\superadmin-factumconsultora\public\api\ordenar\mover.php on line 26
[19-Apr-2025 09:02:31 America/Argentina/Buenos_Aires] [Error 8] Undefined variable: password in C:\DATOS\04.DESARROLLOS\superadmin-factumconsultora\public\api\ordenar\mover.php on line 26
[19-Apr-2025 09:02:31 America/Argentina/Buenos_Aires] [Error 8] Undefined variable: dbname in C:\DATOS\04.DESARROLLOS\superadmin-factumconsultora\public\api\ordenar\mover.php on line 26
[19-Apr-2025 09:02:31 America/Argentina/Buenos_Aires] [Error 8] Undefined variable: port in C:\DATOS\04.DESARROLLOS\superadmin-factumconsultora\public\api\ordenar\mover.php on line 26
[19-Apr-2025 09:02:31 America/Argentina/Buenos_Aires] [Error 2] mysqli::__construct(): (HY000/1524): Plugin 'mysql_native_password' is not loaded in C:\DATOS\04.DESARROLLOS\superadmin-factumconsultora\public\api\ordenar\mover.php on line 26
[19-Apr-2025 09:03:11 America/Argentina/Buenos_Aires] [Error 8] Undefined variable: dbname in C:\DATOS\04.DESARROLLOS\superadmin-factumconsultora\private\config\datos_base.php on line 12
[19-Apr-2025 09:03:12 America/Argentina/Buenos_Aires] [Error 8] Undefined variable: dbname in C:\DATOS\04.DESARROLLOS\superadmin-factumconsultora\private\config\datos_base.php on line 12
[19-Apr-2025 09:03:16 America/Argentina/Buenos_Aires] [Error 8] Undefined variable: dbname in C:\DATOS\04.DESARROLLOS\superadmin-factumconsultora\private\config\datos_base.php on line 12
[19-Apr-2025 09:03:21 America/Argentina/Buenos_Aires] [Error 2] include_once(C:/DATOS/04.DESARROLLOS/superadmin-factumconsultora/private/private/config/datos_base.php): failed to open stream: No such file or directory in C:\DATOS\04.DESARROLLOS\superadmin-factumconsultora\public\api\ordenar\mover.php on line 8
[19-Apr-2025 09:03:21 America/Argentina/Buenos_Aires] [Error 2] include_once(): Failed opening 'C:/DATOS/04.DESARROLLOS/superadmin-factumconsultora/private/private/config/datos_base.php' for inclusion (include_path='C:\xampp\php\PEAR') in C:\DATOS\04.DESARROLLOS\superadmin-factumconsultora\public\api\ordenar\mover.php on line 8
[19-Apr-2025 09:03:21 America/Argentina/Buenos_Aires] [Error 8] Undefined variable: host in C:\DATOS\04.DESARROLLOS\superadmin-factumconsultora\public\api\ordenar\mover.php on line 26
[19-Apr-2025 09:03:21 America/Argentina/Buenos_Aires] [Error 8] Undefined variable: user in C:\DATOS\04.DESARROLLOS\superadmin-factumconsultora\public\api\ordenar\mover.php on line 26
[19-Apr-2025 09:03:21 America/Argentina/Buenos_Aires] [Error 8] Undefined variable: password in C:\DATOS\04.DESARROLLOS\superadmin-factumconsultora\public\api\ordenar\mover.php on line 26
[19-Apr-2025 09:03:21 America/Argentina/Buenos_Aires] [Error 8] Undefined variable: dbname in C:\DATOS\04.DESARROLLOS\superadmin-factumconsultora\public\api\ordenar\mover.php on line 26
[19-Apr-2025 09:03:21 America/Argentina/Buenos_Aires] [Error 8] Undefined variable: port in C:\DATOS\04.DESARROLLOS\superadmin-factumconsultora\public\api\ordenar\mover.php on line 26
[19-Apr-2025 09:03:21 America/Argentina/Buenos_Aires] [Error 2] mysqli::__construct(): (HY000/1524): Plugin 'mysql_native_password' is not loaded in C:\DATOS\04.DESARROLLOS\superadmin-factumconsultora\public\api\ordenar\mover.php on line 26
[19-Apr-2025 09:04:15 America/Argentina/Buenos_Aires] [Error 8] Undefined variable: dbname in C:\DATOS\04.DESARROLLOS\superadmin-factumconsultora\private\config\datos_base.php on line 12
[19-Apr-2025 09:04:16 America/Argentina/Buenos_Aires] [Error 8] Undefined variable: dbname in C:\DATOS\04.DESARROLLOS\superadmin-factumconsultora\private\config\datos_base.php on line 12
[19-Apr-2025 09:04:20 America/Argentina/Buenos_Aires] [Error 8] Undefined variable: dbname in C:\DATOS\04.DESARROLLOS\superadmin-factumconsultora\private\config\datos_base.php on line 12
[19-Apr-2025 09:04:20 America/Argentina/Buenos_Aires] [Error 8] Undefined variable: id in C:\DATOS\04.DESARROLLOS\superadmin-factumconsultora\public\api\ordenar\data.php on line 26
[19-Apr-2025 09:04:20 America/Argentina/Buenos_Aires] [Exception] Call to a member function fetch_assoc() on bool in C:\DATOS\04.DESARROLLOS\superadmin-factumconsultora\public\api\ordenar\data.php on line 30
[19-Apr-2025 09:04:54 America/Argentina/Buenos_Aires] [Error 8] Undefined variable: dbname in C:\DATOS\04.DESARROLLOS\superadmin-factumconsultora\private\config\datos_base.php on line 12
[19-Apr-2025 09:04:54 America/Argentina/Buenos_Aires] [Error 8] Undefined variable: dbname in C:\DATOS\04.DESARROLLOS\superadmin-factumconsultora\private\config\datos_base.php on line 12
[19-Apr-2025 09:04:58 America/Argentina/Buenos_Aires] [Error 8] Undefined variable: dbname in C:\DATOS\04.DESARROLLOS\superadmin-factumconsultora\private\config\datos_base.php on line 12
[19-Apr-2025 09:05:04 America/Argentina/Buenos_Aires] [Error 8] Undefined variable: dbname in C:\DATOS\04.DESARROLLOS\superadmin-factumconsultora\private\config\datos_base.php on line 12
[19-Apr-2025 09:05:04 America/Argentina/Buenos_Aires] [Error 2] mysqli::__construct(): (HY000/1044): Access denied for user 'fmc_oper2023'@'%' to database '0' in C:\DATOS\04.DESARROLLOS\superadmin-factumconsultora\public\api\ordenar\mover.php on line 26
[19-Apr-2025 09:05:24 America/Argentina/Buenos_Aires] [Error 8] Undefined variable: dbname in C:\DATOS\04.DESARROLLOS\superadmin-factumconsultora\private\config\datos_base.php on line 12
[19-Apr-2025 09:05:24 America/Argentina/Buenos_Aires] [Error 8] Undefined variable: dbname in C:\DATOS\04.DESARROLLOS\superadmin-factumconsultora\private\config\datos_base.php on line 12
[19-Apr-2025 09:05:29 America/Argentina/Buenos_Aires] [Error 8] Undefined variable: dbname in C:\DATOS\04.DESARROLLOS\superadmin-factumconsultora\private\config\datos_base.php on line 12
[19-Apr-2025 09:05:33 America/Argentina/Buenos_Aires] [Error 8] Undefined variable: dbname in C:\DATOS\04.DESARROLLOS\superadmin-factumconsultora\private\config\datos_base.php on line 12
[19-Apr-2025 09:05:33 America/Argentina/Buenos_Aires] [Error 2] mysqli::__construct(): (HY000/1044): Access denied for user 'fmc_oper2023'@'%' to database '0' in C:\DATOS\04.DESARROLLOS\superadmin-factumconsultora\public\api\ordenar\mover.php on line 26
[19-Apr-2025 09:08:03 America/Argentina/Buenos_Aires] [Error 8] Undefined variable: dbname in C:\DATOS\04.DESARROLLOS\superadmin-factumconsultora\private\config\datos_base.php on line 12
[19-Apr-2025 09:08:03 America/Argentina/Buenos_Aires] [Error 8] Undefined variable: dbname in C:\DATOS\04.DESARROLLOS\superadmin-factumconsultora\private\config\datos_base.php on line 12
[19-Apr-2025 09:08:09 America/Argentina/Buenos_Aires] [Error 8] Undefined variable: dbname in C:\DATOS\04.DESARROLLOS\superadmin-factumconsultora\private\config\datos_base.php on line 12
[19-Apr-2025 09:08:14 America/Argentina/Buenos_Aires] [Error 8] Undefined variable: dbname in C:\DATOS\04.DESARROLLOS\superadmin-factumconsultora\private\config\datos_base.php on line 12
[19-Apr-2025 09:08:33 America/Argentina/Buenos_Aires] [Error 8] Undefined variable: dbname in C:\DATOS\04.DESARROLLOS\superadmin-factumconsultora\private\config\datos_base.php on line 12
[19-Apr-2025 09:08:33 America/Argentina/Buenos_Aires] [Error 8] Undefined variable: dbname in C:\DATOS\04.DESARROLLOS\superadmin-factumconsultora\private\config\datos_base.php on line 12
[19-Apr-2025 09:08:50 America/Argentina/Buenos_Aires] [Error 8] Undefined variable: dbname in C:\DATOS\04.DESARROLLOS\superadmin-factumconsultora\private\config\datos_base.php on line 12
[19-Apr-2025 09:09:45 America/Argentina/Buenos_Aires] [Error 8] Undefined variable: dbname in C:\DATOS\04.DESARROLLOS\superadmin-factumconsultora\private\config\datos_base.php on line 12
[19-Apr-2025 09:09:45 America/Argentina/Buenos_Aires] [Error 8] Undefined variable: dbname in C:\DATOS\04.DESARROLLOS\superadmin-factumconsultora\private\config\datos_base.php on line 12
[19-Apr-2025 09:09:49 America/Argentina/Buenos_Aires] [Error 8] Undefined variable: dbname in C:\DATOS\04.DESARROLLOS\superadmin-factumconsultora\private\config\datos_base.php on line 12
[19-Apr-2025 09:09:54 America/Argentina/Buenos_Aires] [Error 8] Undefined variable: dbname in C:\DATOS\04.DESARROLLOS\superadmin-factumconsultora\private\config\datos_base.php on line 12
[19-Apr-2025 09:09:54 America/Argentina/Buenos_Aires] [Error 8] Undefined variable: dbname in C:\DATOS\04.DESARROLLOS\superadmin-factumconsultora\private\config\datos_base.php on line 12
